<?xml version="1.0" encoding="UTF-8"?>
<Site BuildName="(empty)"
	BuildStamp="20250209-0607-Experimental"
	Name="(empty)"
	Generator="ctest-3.22.1"
	CompilerName=""
	CompilerVersion=""
	OSName="Linux"
	Hostname="WIN-VDPAGLOQDH6"
	OSRelease="5.15.153.1-microsoft-standard-WSL2"
	OSVersion="#1 SMP Fri Mar 29 23:14:13 UTC 2024"
	OSPlatform="x86_64"
	Is64Bits="1"
	VendorString="GenuineIntel"
	VendorID="Intel Corporation"
	FamilyID="6"
	ModelID="165"
	ProcessorCacheSize="12288"
	NumberOfLogicalCPU="12"
	NumberOfPhysicalCPU="6"
	TotalVirtualMemory="2048"
	TotalPhysicalMemory="7913"
	LogicalProcessorsPerPhysical="2"
	ProcessorClockFrequency="3096"
	>
	<Testing>
		<StartDateTime>Feb 09 14:07 CST</StartDateTime>
		<StartTestTime>1739081261</StartTestTime>
		<TestList/>
		<EndDateTime>Feb 09 14:07 CST</EndDateTime>
		<EndTestTime>1739081261</EndTestTime>
		<ElapsedMinutes>0</ElapsedMinutes>
	</Testing>
</Site>
